DataTransferException: РќРµ Р·Р°РґР°РЅ РїР°СЂР°РјРµС‚СЂ "СЃС‚Р°С‚СѓСЃ" РЅР° СЃС‚СЂР°РЅРёС†Рµ E:\web\www\sbat.logist.ru\admin_page\content\php_files\getData.php
DataTransferException: РќРµ Р·Р°РґР°РЅ РїР°СЂР°РјРµС‚СЂ "СЃС‚Р°С‚СѓСЃ" РЅР° СЃС‚СЂР°РЅРёС†Рµ E:\web\www\sbat.logist.ru\admin_page\content\php_files\getData.php
DataTransferException: РќРµ Р·Р°РґР°РЅ РїР°СЂР°РјРµС‚СЂ "СЃС‚Р°С‚СѓСЃ" РЅР° СЃС‚СЂР°РЅРёС†Рµ E:\web\www\sbat.logist.ru\admin_page\content\php_files\getData.php
DataTransferException: РќРµ Р·Р°РґР°РЅ РїР°СЂР°РјРµС‚СЂ "СЃС‚Р°С‚СѓСЃ" РЅР° СЃС‚СЂР°РЅРёС†Рµ E:\web\www\sbat.logist.ru\admin_page\content\php_files\getData.php
DataTransferException: РќРµ Р·Р°РґР°РЅ РїР°СЂР°РјРµС‚СЂ "СЃС‚Р°С‚СѓСЃ" РЅР° СЃС‚СЂР°РЅРёС†Рµ E:\web\www\sbat.logist.ru\admin_page\content\php_files\getData.php
DataTransferException: РќРµ Р·Р°РґР°РЅ РїР°СЂР°РјРµС‚СЂ "СЃС‚Р°С‚СѓСЃ" РЅР° СЃС‚СЂР°РЅРёС†Рµ E:\web\www\sbat.logist.ru\admin_page\content\php_files\getData.php
DataTransferException: РќРµ Р·Р°РґР°РЅ РїР°СЂР°РјРµС‚СЂ "СЃС‚Р°С‚СѓСЃ" РЅР° СЃС‚СЂР°РЅРёС†Рµ E:\web\www\sbat.logist.ru\admin_page\content\php_files\getData.php
DataTransferException: РќРµ Р·Р°РґР°РЅ РїР°СЂР°РјРµС‚СЂ "СЃС‚Р°С‚СѓСЃ" РЅР° СЃС‚СЂР°РЅРёС†Рµ E:\web\www\sbat.logist.ru\admin_page\content\php_files\getData.php
DataTransferException: РќРµ Р·Р°РґР°РЅ РїР°СЂР°РјРµС‚СЂ "СЃС‚Р°С‚СѓСЃ" РЅР° СЃС‚СЂР°РЅРёС†Рµ E:\web\www\sbat.logist.ru\admin_page\content\php_files\getData.php
DataTransferException: РќРµ Р·Р°РґР°РЅ РїР°СЂР°РјРµС‚СЂ "СЃС‚Р°С‚СѓСЃ" РЅР° СЃС‚СЂР°РЅРёС†Рµ E:\web\www\sbat.logist.ru\admin_page\content\php_files\getData.php
DataTransferException: РќРµ Р·Р°РґР°РЅ РїР°СЂР°РјРµС‚СЂ "СЃС‚Р°С‚СѓСЃ" РЅР° СЃС‚СЂР°РЅРёС†Рµ E:\web\www\sbat.logist.ru\admin_page\content\php_files\getData.php
DataTransferException: РќРµ Р·Р°РґР°РЅ РїР°СЂР°РјРµС‚СЂ "СЃС‚Р°С‚СѓСЃ" РЅР° СЃС‚СЂР°РЅРёС†Рµ E:\web\www\sbat.logist.ru\admin_page\content\php_files\getData.php
DataTransferException: РќРµ Р·Р°РґР°РЅ РїР°СЂР°РјРµС‚СЂ "СЃС‚Р°С‚СѓСЃ" РЅР° СЃС‚СЂР°РЅРёС†Рµ E:\web\www\sbat.logist.ru\admin_page\content\php_files\getData.php
DataTransferException: РќРµ Р·Р°РґР°РЅ РїР°СЂР°РјРµС‚СЂ "СЃС‚Р°С‚СѓСЃ" РЅР° СЃС‚СЂР°РЅРёС†Рµ E:\web\www\sbat.logist.ru\admin_page\content\php_files\getData.php
DataTransferException: РќРµ Р·Р°РґР°РЅ РїР°СЂР°РјРµС‚СЂ "СЃС‚Р°С‚СѓСЃ" РЅР° СЃС‚СЂР°РЅРёС†Рµ E:\web\www\sbat.logist.ru\admin_page\content\php_files\getData.php
DataTransferException: РќРµ Р·Р°РґР°РЅ РїР°СЂР°РјРµС‚СЂ "СЃС‚Р°С‚СѓСЃ" РЅР° СЃС‚СЂР°РЅРёС†Рµ E:\web\www\sbat.logist.ru\admin_page\content\php_files\getData.php
DataTransferException: РќРµРІРµСЂРЅРѕ Р·Р°РґР°РЅ РїР°СЂР°РјРµС‚СЂ "СЃС‚Р°С‚СѓСЃ" РЅР° СЃС‚СЂР°РЅРёС†Рµ E:\web\www\sbat.logist.ru\admin_page\content\php_files\getData.php
MysqlException: РћС€РёР±РєР° РІ Р·Р°РїСЂРѕСЃРµ: SERGEY ERROR: Current sortOrder for route_points does not exist.. Р—Р°РїСЂРѕСЃ: CALL selectData(1,0,10,'requestNumber',FALSE,'');
MysqlException: РћС€РёР±РєР° РІ Р·Р°РїСЂРѕСЃРµ: SERGEY ERROR: Current sortOrder for route_points does not exist.. Р—Р°РїСЂРѕСЃ: CALL selectData(1,0,10,'requestNumber',FALSE,'');
MysqlException: Connection error - Подключение не установлено, т.к. конечный компьютер отверг запрос на подключение.

MysqlException: Connection error - Подключение не установлено, т.к. конечный компьютер отверг запрос на подключение.

MysqlException: Connection error - Подключение не установлено, т.к. конечный компьютер отверг запрос на подключение.

MysqlException: Connection error - Подключение не установлено, т.к. конечный компьютер отверг запрос на подключение.

MysqlException: Connection error - Подключение не установлено, т.к. конечный компьютер отверг запрос на подключение.

MysqlException: Connection error - Подключение не установлено, т.к. конечный компьютер отверг запрос на подключение.

MysqlException: РћС€РёР±РєР° РІ Р·Р°РїСЂРѕСЃРµ: SERGEY ERROR: Current sortOrder for route_points does not exist.. Р—Р°РїСЂРѕСЃ: CALL selectData(1,0,10,'requestNumber',FALSE,'');
MysqlException: РћС€РёР±РєР° РІ Р·Р°РїСЂРѕСЃРµ: SERGEY ERROR: Current sortOrder for route_points does not exist.. Р—Р°РїСЂРѕСЃ: CALL selectData(1,0,10,'requestNumber',FALSE,'');
MysqlException: РћС€РёР±РєР° РІ Р·Р°РїСЂРѕСЃРµ: You have an error in your SQL syntax; check the manual that corresponds to your MySQL server version for the right syntax to use near ')' at line 1. Р—Р°РїСЂРѕСЃ: CALL createRoutePoint(4, 600, 4, );
MysqlException: РћС€РёР±РєР° РІ Р·Р°РїСЂРѕСЃРµ: Unknown column 'NaN' in 'field list'. Р—Р°РїСЂРѕСЃ: CALL createRoutePoint(4, NaN, 4, 1);
MysqlException: РћС€РёР±РєР° РІ Р·Р°РїСЂРѕСЃРµ: Unknown column 'NaN' in 'field list'. Р—Р°РїСЂРѕСЃ: CALL createRoutePoint(4, NaN, 4, 1);
MysqlException: РћС€РёР±РєР° РІ Р·Р°РїСЂРѕСЃРµ: SERGEY ERROR: Current sortOrder for route_points does not exist.. Р—Р°РїСЂРѕСЃ: CALL selectData(1,0,10,'requestNumber',FALSE,'');
AuthException: РћС€РёР±РєР° Р°РІС‚РѕСЂРёР·Р°С†РёРё. login: 
AuthException: РћС€РёР±РєР° Р°РІС‚РѕСЂРёР·Р°С†РёРё. login: 
AuthException: РћС€РёР±РєР° Р°РІС‚РѕСЂРёР·Р°С†РёРё. login: test@test.ru
MysqlException: There is no connections
MysqlException: There is no connections
MysqlException: There is no connections
MysqlException: There is no connections
MysqlException: There is no connections
MysqlException: There is no connections
MysqlException: There is no connections
MysqlException: There is no connections
AuthException: РћС€РёР±РєР° Р°РІС‚РѕСЂРёР·Р°С†РёРё. login: 
AuthException: РћС€РёР±РєР° Р°РІС‚РѕСЂРёР·Р°С†РёРё. login: 
AuthException: РћС€РёР±РєР° Р°РІС‚РѕСЂРёР·Р°С†РёРё. login: test@test.ru
AuthException: РћС€РёР±РєР° Р°РІС‚РѕСЂРёР·Р°С†РёРё. login: 
AuthException: РћС€РёР±РєР° Р°РІС‚РѕСЂРёР·Р°С†РёРё. login: 
AuthException: РћС€РёР±РєР° Р°РІС‚РѕСЂРёР·Р°С†РёРё. login: test@test.ru
MysqlException: There is no connections
MysqlException: There is no connections
AuthException: РћС€РёР±РєР° Р°РІС‚РѕСЂРёР·Р°С†РёРё. login: 
AuthException: РћС€РёР±РєР° Р°РІС‚РѕСЂРёР·Р°С†РёРё. login: test@test.ru
AuthException: РћС€РёР±РєР° Р°РІС‚РѕСЂРёР·Р°С†РёРё. login: test@test.ru
AuthException: РћС€РёР±РєР° Р°РІС‚РѕСЂРёР·Р°С†РёРё. login: 
AuthException: РћС€РёР±РєР° Р°РІС‚РѕСЂРёР·Р°С†РёРё. login: test@test.ru
MysqlException: There is no connections
MysqlException: There is no connections
MysqlException: There is no connections
MysqlException: There is no connections
MysqlException: There is no connections
MysqlException: There is no connections
AuthException: РћС€РёР±РєР° Р°РІС‚РѕСЂРёР·Р°С†РёРё. login: 
AuthException: РћС€РёР±РєР° Р°РІС‚РѕСЂРёР·Р°С†РёРё. login: test@test.ru
AuthException: РћС€РёР±РєР° Р°РІС‚РѕСЂРёР·Р°С†РёРё. login: test@test.ru
AuthException: РћС€РёР±РєР° Р°РІС‚РѕСЂРёР·Р°С†РёРё. login: 
AuthException: РћС€РёР±РєР° Р°РІС‚РѕСЂРёР·Р°С†РёРё. login: test@test.ru
MysqlException: There is no connections
MysqlException: There is no connections
MysqlException: There is no connections
MysqlException: There is no connections
MysqlException: There is no connections
MysqlException: There is no connections
AuthException: РћС€РёР±РєР° Р°РІС‚РѕСЂРёР·Р°С†РёРё. login: 
AuthException: РћС€РёР±РєР° Р°РІС‚РѕСЂРёР·Р°С†РёРё. login: 
AuthException: РћС€РёР±РєР° Р°РІС‚РѕСЂРёР·Р°С†РёРё. login: test@test.ru
AuthException: РћС€РёР±РєР° Р°РІС‚РѕСЂРёР·Р°С†РёРё. login: 
AuthException: РћС€РёР±РєР° Р°РІС‚РѕСЂРёР·Р°С†РёРё. login: 
AuthException: РћС€РёР±РєР° Р°РІС‚РѕСЂРёР·Р°С†РёРё. login: test@test.ru
MysqlException: There is no connections
MysqlException: There is no connections
MysqlException: There is no connections
MysqlException: There is no connections
MysqlException: There is no connections
MysqlException: There is no connections
