2016-01-23 15:00:47,764 INFO r.l.s.App [main] path to preferences directory: C:\Users\Сергей\Desktop\view_transport\_1CParser\trunk\prefs.property 
2016-01-23 15:00:47,765 INFO r.l.s.App [main] property file content: {generatePeriod=10, user=root, password=rtbyg7895otlgorit, url=jdbc:mysql://localhost:3306/, dbName=transmaster_transport_db, mode=generate} 
2016-01-23 15:00:48,330 INFO r.l.s.App [main] database connection succefully recieved, URL: [jdbc:mysql://localhost:3306/transmaster_transport_db] User: [root] 
2016-01-23 15:13:40,374 INFO r.l.s.App [main] log file path: C:\Users\Сергей\Desktop\view_transport\_1CParser\trunk\logs\app.log 
2016-01-23 15:13:40,387 INFO r.l.s.App [main] path to preferences directory: C:\Users\Сергей\Desktop\view_transport\_1CParser\trunk\prefs.property 
2016-01-23 15:13:40,387 INFO r.l.s.App [main] property file content: {generatePeriod=10, user=root, password=rtbyg7895otlgorit, url=jdbc:mysql://localhost:3306/, dbName=transmaster_transport_db, mode=generate} 
2016-01-23 15:13:40,739 INFO r.l.s.App [main] database connection succefully recieved, URL: [jdbc:mysql://localhost:3306/transmaster_transport_db] User: [root] 
2016-01-23 15:17:06,668 INFO r.l.s.App [main] log file path: C:\Users\Сергей\Desktop\view_transport\_1CParser\trunk\logs\app.log 
2016-01-23 15:17:06,682 INFO r.l.s.App [main] path to preferences directory: C:\Users\Сергей\Desktop\view_transport\_1CParser\trunk\prefs.property 
2016-01-23 15:17:06,682 INFO r.l.s.App [main] property file content: {generatePeriod=10, user=root, password=rtbyg7895otlgorit, url=jdbc:mysql://localhost:3306/, dbName=transmaster_transport_db, mode=generate} 
2016-01-23 15:17:07,024 INFO r.l.s.App [main] database connection succefully recieved, URL: [jdbc:mysql://localhost:3306/transmaster_transport_db] User: [root] 
2016-01-23 15:22:45,928 INFO r.l.s.App [main] log file path: C:\Users\Сергей\Desktop\view_transport\_1CParser\trunk\logs\app.log 
2016-01-23 15:22:45,941 INFO r.l.s.App [main] path to preferences directory: C:\Users\Сергей\Desktop\view_transport\_1CParser\trunk\prefs.property 
2016-01-23 15:22:45,941 INFO r.l.s.App [main] property file content: {generatePeriod=10, user=root, password=rtbyg7895otlgorit, url=jdbc:mysql://localhost:3306/, dbName=transmaster_transport_db, mode=generate} 
2016-01-23 15:22:46,286 INFO r.l.s.App [main] database connection succefully recieved, URL: [jdbc:mysql://localhost:3306/transmaster_transport_db] User: [root] 
2016-01-23 15:22:54,862 DEBUG r.l.s.App [main] option name [] does not exist. 
2016-01-23 15:23:01,261 DEBUG r.l.s.App [main] option name [] does not exist. 
2016-01-23 15:23:03,037 DEBUG r.l.s.App [main] option name [2] does not exist. 
2016-01-23 15:23:22,571 INFO r.l.s.App [main] log file path: C:\Users\Сергей\Desktop\view_transport\_1CParser\trunk\logs\app.log 
2016-01-23 15:23:22,584 INFO r.l.s.App [main] path to preferences directory: C:\Users\Сергей\Desktop\view_transport\_1CParser\trunk\prefs.property 
2016-01-23 15:23:22,584 INFO r.l.s.App [main] property file content: {generatePeriod=10, user=root, password=rtbyg7895otlgorit, url=jdbc:mysql://localhost:3306/, dbName=transmaster_transport_db, mode=generate} 
2016-01-23 15:23:22,924 INFO r.l.s.App [main] database connection succefully recieved, URL: [jdbc:mysql://localhost:3306/transmaster_transport_db] User: [root] 
2016-01-23 15:29:01,807 INFO r.l.s.App [main] log file path: C:\Users\Сергей\Desktop\view_transport\_1CParser\trunk\logs\app.log 
2016-01-23 15:29:01,821 INFO r.l.s.App [main] path to preferences directory: C:\Users\Сергей\Desktop\view_transport\_1CParser\trunk\prefs.property 
2016-01-23 15:29:01,821 INFO r.l.s.App [main] property file content: {generatePeriod=10, user=root, password=rtbyg7895otlgorit, url=jdbc:mysql://localhost:3306/, dbName=transmaster_transport_db, mode=generate} 
2016-01-23 15:29:02,166 INFO r.l.s.App [main] database connection succefully recieved, URL: [jdbc:mysql://localhost:3306/transmaster_transport_db] User: [root] 
2016-01-23 15:29:19,507 DEBUG r.l.s.App [main] option name [] does not exist. 
2016-01-23 15:29:28,544 DEBUG r.l.s.App [main] option name [6] does not exist. 
2016-01-23 15:29:30,224 DEBUG r.l.s.App [main] option name [] does not exist. 
2016-01-23 15:29:30,968 DEBUG r.l.s.App [main] option name [23] does not exist. 
2016-01-23 15:29:31,283 DEBUG r.l.s.App [main] option name [2] does not exist. 
2016-01-23 15:29:31,513 DEBUG r.l.s.App [main] option name [3] does not exist. 
2016-01-23 15:29:31,729 DEBUG r.l.s.App [main] option name [2] does not exist. 
2016-01-23 15:31:34,996 INFO r.l.s.App [main] log file path: C:\Users\Сергей\Desktop\view_transport\_1CParser\trunk\logs\app.log 
2016-01-23 15:31:35,011 INFO r.l.s.App [main] path to preferences directory: C:\Users\Сергей\Desktop\view_transport\_1CParser\trunk\prefs.property 
2016-01-23 15:31:35,011 INFO r.l.s.App [main] property file content: {generatePeriod=10, user=root, password=rtbyg7895otlgorit, url=jdbc:mysql://localhost:3306/, dbName=transmaster_transport_db, mode=generate} 
2016-01-23 15:31:35,350 INFO r.l.s.App [main] database connection succefully recieved, URL: [jdbc:mysql://localhost:3306/transmaster_transport_db] User: [root] 
2016-01-23 15:32:12,322 INFO r.l.s.App [main] log file path: C:\Users\Сергей\Desktop\view_transport\_1CParser\trunk\logs\app.log 
2016-01-23 15:32:12,335 INFO r.l.s.App [main] path to preferences directory: C:\Users\Сергей\Desktop\view_transport\_1CParser\trunk\prefs.property 
2016-01-23 15:32:12,335 INFO r.l.s.App [main] property file content: {generatePeriod=10, user=root, password=rtbyg7895otlgorit, url=jdbc:mysql://localhost:3306/, dbName=transmaster_transport_db, mode=generate} 
2016-01-23 15:32:12,674 INFO r.l.s.App [main] database connection succefully recieved, URL: [jdbc:mysql://localhost:3306/transmaster_transport_db] User: [root] 
2016-01-23 15:32:50,435 DEBUG r.l.s.App [main] option name [] does not exist. 
2016-01-23 15:33:42,865 INFO r.l.s.App [main] log file path: C:\Users\Сергей\Desktop\view_transport\_1CParser\trunk\logs\app.log 
2016-01-23 15:33:42,879 INFO r.l.s.App [main] path to preferences directory: C:\Users\Сергей\Desktop\view_transport\_1CParser\trunk\prefs.property 
2016-01-23 15:33:42,879 INFO r.l.s.App [main] property file content: {generatePeriod=10, user=root, password=rtbyg7895otlgorit, url=jdbc:mysql://localhost:3306/, dbName=transmaster_transport_db, mode=generate} 
2016-01-23 15:33:43,217 INFO r.l.s.App [main] database connection succefully recieved, URL: [jdbc:mysql://localhost:3306/transmaster_transport_db] User: [root] 
2016-01-23 15:33:53,143 INFO r.l.s.App [main] log file path: C:\Users\Сергей\Desktop\view_transport\_1CParser\trunk\logs\app.log 
2016-01-23 15:33:53,157 INFO r.l.s.App [main] path to preferences directory: C:\Users\Сергей\Desktop\view_transport\_1CParser\trunk\prefs.property 
2016-01-23 15:33:53,157 INFO r.l.s.App [main] property file content: {generatePeriod=10, user=root, password=rtbyg7895otlgorit, url=jdbc:mysql://localhost:3306/, dbName=transmaster_transport_db, mode=generate} 
2016-01-23 15:33:53,513 INFO r.l.s.App [main] database connection succefully recieved, URL: [jdbc:mysql://localhost:3306/transmaster_transport_db] User: [root] 
2016-01-23 15:34:04,520 INFO r.l.s.App [main] log file path: C:\Users\Сергей\Desktop\view_transport\_1CParser\trunk\logs\app.log 
2016-01-23 15:34:04,534 INFO r.l.s.App [main] path to preferences directory: C:\Users\Сергей\Desktop\view_transport\_1CParser\trunk\prefs.property 
2016-01-23 15:34:04,534 INFO r.l.s.App [main] property file content: {generatePeriod=10, user=root, password=rtbyg7895otlgorit, url=jdbc:mysql://localhost:3306/, dbName=transmaster_transport_db, mode=generate} 
2016-01-23 15:34:04,867 INFO r.l.s.App [main] database connection succefully recieved, URL: [jdbc:mysql://localhost:3306/transmaster_transport_db] User: [root] 
2016-01-23 15:44:02,689 INFO r.l.s.App [main] log file path: C:\Users\Сергей\Desktop\view_transport\_1CParser\trunk\logs\app.log 
2016-01-23 15:44:02,703 INFO r.l.s.App [main] path to preferences directory: C:\Users\Сергей\Desktop\view_transport\_1CParser\trunk\prefs.property 
2016-01-23 15:44:02,703 INFO r.l.s.App [main] property file content: {generatePeriod=10, user=root, password=rtbyg7895otlgorit, url=jdbc:mysql://localhost:3306/, dbName=transmaster_transport_db, mode=generate} 
2016-01-23 15:44:03,060 INFO r.l.s.App [main] database connection succefully recieved, URL: [jdbc:mysql://localhost:3306/transmaster_transport_db] User: [root] 
2016-01-23 15:44:25,079 INFO r.l.s.App [main] log file path: C:\Users\Сергей\Desktop\view_transport\_1CParser\trunk\logs\app.log 
2016-01-23 15:44:25,095 INFO r.l.s.App [main] path to preferences directory: C:\Users\Сергей\Desktop\view_transport\_1CParser\trunk\prefs.property 
2016-01-23 15:44:25,095 INFO r.l.s.App [main] property file content: {generatePeriod=10, user=root, password=rtbyg7895otlgorit, url=jdbc:mysql://localhost:3306/, dbName=transmaster_transport_db, mode=generate} 
2016-01-23 15:44:25,460 INFO r.l.s.App [main] database connection succefully recieved, URL: [jdbc:mysql://localhost:3306/transmaster_transport_db] User: [root] 
2016-01-23 15:44:39,311 INFO r.l.s.App [main] log file path: C:\Users\Сергей\Desktop\view_transport\_1CParser\trunk\logs\app.log 
2016-01-23 15:44:39,326 INFO r.l.s.App [main] path to preferences directory: C:\Users\Сергей\Desktop\view_transport\_1CParser\trunk\prefs.property 
2016-01-23 15:44:39,327 INFO r.l.s.App [main] property file content: {generatePeriod=10, user=root, password=rtbyg7895otlgorit, url=jdbc:mysql://localhost:3306/, dbName=transmaster_transport_db, mode=generate} 
2016-01-23 15:44:39,687 INFO r.l.s.App [main] database connection succefully recieved, URL: [jdbc:mysql://localhost:3306/transmaster_transport_db] User: [root] 
2016-01-23 15:48:03,885 INFO r.l.s.App [main] log file path: C:\Users\Сергей\Desktop\view_transport\_1CParser\trunk\logs\app.log 
2016-01-23 15:48:03,899 INFO r.l.s.App [main] path to preferences directory: C:\Users\Сергей\Desktop\view_transport\_1CParser\trunk\prefs.property 
2016-01-23 15:48:03,899 INFO r.l.s.App [main] property file content: {generatePeriod=10, user=root, password=rtbyg7895otlgorit, url=jdbc:mysql://localhost:3306/, dbName=transmaster_transport_db, mode=generate} 
2016-01-23 15:48:04,243 INFO r.l.s.App [main] database connection succefully recieved, URL: [jdbc:mysql://localhost:3306/transmaster_transport_db] User: [root] 
